This is pdfTeX, Version 3.14159265-2.6-1.40.19 (TeX Live 2018) (preloaded format=pdflatex 2018.10.7)  26 APR 2019 11:14
entering extended mode
 restricted \write18 enabled.
 %&-line parsing enabled.
**ejercicio1.tex
(./ejercicio1.tex
LaTeX2e <2018-04-01> patch level 2
Babel <3.18> and hyphenation patterns for 84 language(s) loaded.
(/usr/local/texlive/2018/texmf-dist/tex/latex/base/article.cls
Document Class: article 2014/09/29 v1.4h Standard LaTeX document class
(/usr/local/texlive/2018/texmf-dist/tex/latex/base/size10.clo
File: size10.clo 2014/09/29 v1.4h Standard LaTeX file (size option)
)
\c@part=\count80
\c@section=\count81
\c@subsection=\count82
\c@subsubsection=\count83
\c@paragraph=\count84
\c@subparagraph=\count85
\c@figure=\count86
\c@table=\count87
\abovecaptionskip=\skip41
\belowcaptionskip=\skip42
\bibindent=\dimen102
)
(/usr/local/texlive/2018/texmf-dist/tex/latex/graphics/graphicx.sty
Package: graphicx 2017/06/01 v1.1a Enhanced LaTeX Graphics (DPC,SPQR)

(/usr/local/texlive/2018/texmf-dist/tex/latex/graphics/keyval.sty
Package: keyval 2014/10/28 v1.15 key=value parser (DPC)
\KV@toks@=\toks14
)
(/usr/local/texlive/2018/texmf-dist/tex/latex/graphics/graphics.sty
Package: graphics 2017/06/25 v1.2c Standard LaTeX Graphics (DPC,SPQR)

(/usr/local/texlive/2018/texmf-dist/tex/latex/graphics/trig.sty
Package: trig 2016/01/03 v1.10 sin cos tan (DPC)
)
(/usr/local/texlive/2018/texmf-dist/tex/latex/graphics-cfg/graphics.cfg
File: graphics.cfg 2016/06/04 v1.11 sample graphics configuration
)
Package graphics Info: Driver file: pdftex.def on input line 99.

(/usr/local/texlive/2018/texmf-dist/tex/latex/graphics-def/pdftex.def
File: pdftex.def 2018/01/08 v1.0l Graphics/color driver for pdftex
))
\Gin@req@height=\dimen103
\Gin@req@width=\dimen104
)
(/usr/local/texlive/2018/texmf-dist/tex/latex/graphics/color.sty
Package: color 2016/07/10 v1.1e Standard LaTeX Color (DPC)

(/usr/local/texlive/2018/texmf-dist/tex/latex/graphics-cfg/color.cfg
File: color.cfg 2016/01/02 v1.6 sample color configuration
)
Package color Info: Driver file: pdftex.def on input line 147.
)
(./ejercicio1.aux)
\openout1 = `ejercicio1.aux'.

LaTeX Font Info:    Checking defaults for OML/cmm/m/it on input line 13.
LaTeX Font Info:    ... okay on input line 13.
LaTeX Font Info:    Checking defaults for T1/cmr/m/n on input line 13.
LaTeX Font Info:    ... okay on input line 13.
LaTeX Font Info:    Checking defaults for OT1/cmr/m/n on input line 13.
LaTeX Font Info:    ... okay on input line 13.
LaTeX Font Info:    Checking defaults for OMS/cmsy/m/n on input line 13.
LaTeX Font Info:    ... okay on input line 13.
LaTeX Font Info:    Checking defaults for OMX/cmex/m/n on input line 13.
LaTeX Font Info:    ... okay on input line 13.
LaTeX Font Info:    Checking defaults for U/cmr/m/n on input line 13.
LaTeX Font Info:    ... okay on input line 13.

(/usr/local/texlive/2018/texmf-dist/tex/context/base/mkii/supp-pdf.mkii
[Loading MPS to PDF converter (version 2006.09.02).]
\scratchcounter=\count88
\scratchdimen=\dimen105
\scratchbox=\box26
\nofMPsegments=\count89
\nofMParguments=\count90
\everyMPshowfont=\toks15
\MPscratchCnt=\count91
\MPscratchDim=\dimen106
\MPnumerator=\count92
\makeMPintoPDFobject=\count93
\everyMPtoPDFconversion=\toks16
) (/usr/local/texlive/2018/texmf-dist/tex/latex/oberdiek/epstopdf-base.sty
Package: epstopdf-base 2016/05/15 v2.6 Base part for package epstopdf

(/usr/local/texlive/2018/texmf-dist/tex/generic/oberdiek/infwarerr.sty
Package: infwarerr 2016/05/16 v1.4 Providing info/warning/error messages (HO)
)
(/usr/local/texlive/2018/texmf-dist/tex/latex/oberdiek/grfext.sty
Package: grfext 2016/05/16 v1.2 Manage graphics extensions (HO)

(/usr/local/texlive/2018/texmf-dist/tex/generic/oberdiek/kvdefinekeys.sty
Package: kvdefinekeys 2016/05/16 v1.4 Define keys (HO)

(/usr/local/texlive/2018/texmf-dist/tex/generic/oberdiek/ltxcmds.sty
Package: ltxcmds 2016/05/16 v1.23 LaTeX kernel commands for general use (HO)
)))
(/usr/local/texlive/2018/texmf-dist/tex/latex/oberdiek/kvoptions.sty
Package: kvoptions 2016/05/16 v3.12 Key value format for package options (HO)

(/usr/local/texlive/2018/texmf-dist/tex/generic/oberdiek/kvsetkeys.sty
Package: kvsetkeys 2016/05/16 v1.17 Key value parser (HO)

(/usr/local/texlive/2018/texmf-dist/tex/generic/oberdiek/etexcmds.sty
Package: etexcmds 2016/05/16 v1.6 Avoid name clashes with e-TeX commands (HO)

(/usr/local/texlive/2018/texmf-dist/tex/generic/oberdiek/ifluatex.sty
Package: ifluatex 2016/05/16 v1.4 Provides the ifluatex switch (HO)
Package ifluatex Info: LuaTeX not detected.
)
Package etexcmds Info: Could not find \expanded.
(etexcmds)             That can mean that you are not using pdfTeX 1.50 or
(etexcmds)             that some package has redefined \expanded.
(etexcmds)             In the latter case, load this package earlier.
)))
(/usr/local/texlive/2018/texmf-dist/tex/generic/oberdiek/pdftexcmds.sty
Package: pdftexcmds 2018/01/30 v0.27 Utility functions of pdfTeX for LuaTeX (HO
)

(/usr/local/texlive/2018/texmf-dist/tex/generic/oberdiek/ifpdf.sty
Package: ifpdf 2017/03/15 v3.2 Provides the ifpdf switch
)
Package pdftexcmds Info: LuaTeX not detected.
Package pdftexcmds Info: \pdf@primitive is available.
Package pdftexcmds Info: \pdf@ifprimitive is available.
Package pdftexcmds Info: \pdfdraftmode found.
)
Package epstopdf-base Info: Redefining graphics rule for `.eps' on input line 4
38.
Package grfext Info: Graphics extension search list:
(grfext)             [.pdf,.png,.jpg,.mps,.jpeg,.jbig2,.jb2,.PDF,.PNG,.JPG,.JPE
G,.JBIG2,.JB2,.eps]
(grfext)             \AppendGraphicsExtensions on input line 456.

(/usr/local/texlive/2018/texmf-dist/tex/latex/latexconfig/epstopdf-sys.cfg
File: epstopdf-sys.cfg 2010/07/13 v1.3 Configuration of (r)epstopdf for TeX Liv
e
))
LaTeX Font Info:    External font `cmex10' loaded for size
(Font)              <12> on input line 17.
LaTeX Font Info:    External font `cmex10' loaded for size
(Font)              <8> on input line 17.
LaTeX Font Info:    External font `cmex10' loaded for size
(Font)              <6> on input line 17.

Overfull \hbox (17.24684pt too wide) in paragraph at lines 97--97
[]\OT1/cmtt/m/n/10 %El sistema que se muestra en la siguiente figura esta forma
do con la[] 
 []


Overfull \hbox (22.4968pt too wide) in paragraph at lines 97--97
[]\OT1/cmtt/m/n/10 %conexion de dos sistemas en cascada. Las respuestas al impu
lso de los[] 
 []


Overfull \hbox (32.9967pt too wide) in paragraph at lines 97--97
[]\OT1/cmtt/m/n/10 %Se procede a hallar h3[n] por medio de la conexion en serie
 del sistema[] 
 []


Overfull \hbox (38.24666pt too wide) in paragraph at lines 97--97
[]\OT1/cmtt/m/n/10 %Para crear la primera senal discreta se crea un vector n qu
e la delimite[] 
 []

[1

{/usr/local/texlive/2018/texmf-var/fonts/map/pdftex/updmap/pdftex.map}]
Overfull \hbox (22.4968pt too wide) in paragraph at lines 97--97
[]\OT1/cmtt/m/n/10 %Para crear  senal discreta h2[n] se crea un vector n2 que l
a delimite[] 
 []


Overfull \hbox (27.74675pt too wide) in paragraph at lines 97--97
[]\OT1/cmtt/m/n/10 %Se crea la funcion cuadrada a partir del escalon que toma l
os valores.[] 
 []


Overfull \hbox (1.49698pt too wide) in paragraph at lines 97--97
[]\OT1/cmtt/m/n/10 %Usando stem() se grafica de manera discreta h2[n], de color
 verde[] 
 []


Overfull \hbox (32.9967pt too wide) in paragraph at lines 97--97
[]\OT1/cmtt/m/n/10 %para saber la longitud de n3 solo basta con -2 al limite su
perior de n3[] 
 []


Overfull \hbox (22.4968pt too wide) in paragraph at lines 97--97
[]\OT1/cmtt/m/n/10 %para que matlab entienda. No es necesario sumar nada mas po
rque ambas[] 
 []

Package epstopdf Info: Source file: <ejercicio1_01.eps>
(epstopdf)                    date: 2019-04-26 10:52:00
(epstopdf)                    size: 21000 bytes
(epstopdf)             Output file: <ejercicio1_01-eps-converted-to.pdf>
(epstopdf)                    date: 2019-04-26 10:52:31
(epstopdf)                    size: 7769 bytes
(epstopdf)             Command: <repstopdf --outfile=ejercicio1_01-eps-converte
d-to.pdf ejercicio1_01.eps>
(epstopdf)             \includegraphics on input line 99.
Package epstopdf Info: Output file is already uptodate.
<ejercicio1_01-eps-converted-to.pdf, id=10, 473.77pt x 386.44376pt>
File: ejercicio1_01-eps-converted-to.pdf Graphic file (type pdf)
<use ejercicio1_01-eps-converted-to.pdf>
Package pdftex.def Info: ejercicio1_01-eps-converted-to.pdf  used on input line
 99.
(pdftex.def)             Requested size: 289.07999pt x 235.8011pt.
[2]
Package epstopdf Info: Source file: <ejercicio1_02.eps>
(epstopdf)                    date: 2019-04-26 10:52:01
(epstopdf)                    size: 19662 bytes
(epstopdf)             Output file: <ejercicio1_02-eps-converted-to.pdf>
(epstopdf)                    date: 2019-04-26 10:52:31
(epstopdf)                    size: 7476 bytes
(epstopdf)             Command: <repstopdf --outfile=ejercicio1_02-eps-converte
d-to.pdf ejercicio1_02.eps>
(epstopdf)             \includegraphics on input line 101.
Package epstopdf Info: Output file is already uptodate.
<ejercicio1_02-eps-converted-to.pdf, id=14, 485.815pt x 386.44376pt>
File: ejercicio1_02-eps-converted-to.pdf Graphic file (type pdf)
<use ejercicio1_02-eps-converted-to.pdf>
Package pdftex.def Info: ejercicio1_02-eps-converted-to.pdf  used on input line
 101.
(pdftex.def)             Requested size: 289.07999pt x 229.94572pt.
Package epstopdf Info: Source file: <ejercicio1_03.eps>
(epstopdf)                    date: 2019-04-26 10:52:01
(epstopdf)                    size: 22958 bytes
(epstopdf)             Output file: <ejercicio1_03-eps-converted-to.pdf>
(epstopdf)                    date: 2019-04-26 10:52:32
(epstopdf)                    size: 7846 bytes
(epstopdf)             Command: <repstopdf --outfile=ejercicio1_03-eps-converte
d-to.pdf ejercicio1_03.eps>
(epstopdf)             \includegraphics on input line 103.
Package epstopdf Info: Output file is already uptodate.
<ejercicio1_03-eps-converted-to.pdf, id=15, 482.80376pt x 386.44376pt>
File: ejercicio1_03-eps-converted-to.pdf Graphic file (type pdf)
<use ejercicio1_03-eps-converted-to.pdf>
Package pdftex.def Info: ejercicio1_03-eps-converted-to.pdf  used on input line
 103.
(pdftex.def)             Requested size: 289.07999pt x 231.39041pt.
 [3 <./ejercicio1_01-eps-converted-to.pdf> <./ejercicio1_02-eps-converted-to.pd
f>]
Overfull \hbox (11.99689pt too wide) in paragraph at lines 177--177
[]\OT1/cmtt/m/n/10 %Dada la respuesta al impulso de un sistema LTI, h(t)=u(t-1)
-u(t-4).[] 
 []


Overfull \hbox (38.24666pt too wide) in paragraph at lines 177--177
[]\OT1/cmtt/m/n/10 %Para crear la primera senal discreta se crea un vector t qu
e la delimite[] 
 []


Overfull \hbox (43.49661pt too wide) in paragraph at lines 177--177
[]\OT1/cmtt/m/n/10 %Usando la funcion escalon se crea una funcion "cuadrada" di
screta, que va[] 
 []

[4 <./ejercicio1_03-eps-converted-to.pdf>]
Overfull \hbox (1.49698pt too wide) in paragraph at lines 177--177
[]\OT1/cmtt/m/n/10 %Usando plot() se grafica de manera 'continua' h(t), de colo
r rojo[] 
 []


Overfull \hbox (43.49661pt too wide) in paragraph at lines 177--177
[]\OT1/cmtt/m/n/10 %Para crear la primera senal discreta se crea un vector t2 q
ue la delimite[] 
 []


Overfull \hbox (1.49698pt too wide) in paragraph at lines 177--177
[]\OT1/cmtt/m/n/10 %Usando plot() se grafica de manera 'continua' x(t), de colo
r azul[] 
 []


Overfull \hbox (17.24684pt too wide) in paragraph at lines 177--177
[]\OT1/cmtt/m/n/10 %para saber el limite inferior  y superior del vector t3,  s
e suma el[] 
 []


Overfull \hbox (32.9967pt too wide) in paragraph at lines 177--177
[]\OT1/cmtt/m/n/10 %limite inferior del vector t2, que es -2, a ambos limites d
el vector t3[] 
 []


Overfull \hbox (22.4968pt too wide) in paragraph at lines 177--177
[]\OT1/cmtt/m/n/10 %Usando plot() se grafica de manera 'continua' y(t), usando 
t3, con el[] 
 []

Package epstopdf Info: Source file: <ejercicio_2_01.eps>
(epstopdf)                    date: 2019-04-26 10:54:13
(epstopdf)                    size: 31271 bytes
(epstopdf)             Output file: <ejercicio_2_01-eps-converted-to.pdf>
(epstopdf)                    date: 2019-04-26 10:54:51
(epstopdf)                    size: 9105 bytes
(epstopdf)             Command: <repstopdf --outfile=ejercicio_2_01-eps-convert
ed-to.pdf ejercicio_2_01.eps>
(epstopdf)             \includegraphics on input line 179.
Package epstopdf Info: Output file is already uptodate.
<ejercicio_2_01-eps-converted-to.pdf, id=46, 474.77374pt x 386.44376pt>
File: ejercicio_2_01-eps-converted-to.pdf Graphic file (type pdf)
<use ejercicio_2_01-eps-converted-to.pdf>
Package pdftex.def Info: ejercicio_2_01-eps-converted-to.pdf  used on input lin
e 179.
(pdftex.def)             Requested size: 289.07999pt x 235.30579pt.
[5]
Package epstopdf Info: Source file: <ejercicio_2_02.eps>
(epstopdf)                    date: 2019-04-26 10:54:13
(epstopdf)                    size: 33077 bytes
(epstopdf)             Output file: <ejercicio_2_02-eps-converted-to.pdf>
(epstopdf)                    date: 2019-04-26 10:54:51
(epstopdf)                    size: 10225 bytes
(epstopdf)             Command: <repstopdf --outfile=ejercicio_2_02-eps-convert
ed-to.pdf ejercicio_2_02.eps>
(epstopdf)             \includegraphics on input line 181.
Package epstopdf Info: Output file is already uptodate.
<ejercicio_2_02-eps-converted-to.pdf, id=50, 474.77374pt x 386.44376pt>
File: ejercicio_2_02-eps-converted-to.pdf Graphic file (type pdf)
<use ejercicio_2_02-eps-converted-to.pdf>
Package pdftex.def Info: ejercicio_2_02-eps-converted-to.pdf  used on input lin
e 181.
(pdftex.def)             Requested size: 289.07999pt x 235.30579pt.
Package epstopdf Info: Source file: <ejercicio_2_03.eps>
(epstopdf)                    date: 2019-04-26 10:54:14
(epstopdf)                    size: 47920 bytes
(epstopdf)             Output file: <ejercicio_2_03-eps-converted-to.pdf>
(epstopdf)                    date: 2019-04-26 10:54:52
(epstopdf)                    size: 16030 bytes
(epstopdf)             Command: <repstopdf --outfile=ejercicio_2_03-eps-convert
ed-to.pdf ejercicio_2_03.eps>
(epstopdf)             \includegraphics on input line 183.
Package epstopdf Info: Output file is already uptodate.
<ejercicio_2_03-eps-converted-to.pdf, id=51, 474.77374pt x 386.44376pt>
File: ejercicio_2_03-eps-converted-to.pdf Graphic file (type pdf)
<use ejercicio_2_03-eps-converted-to.pdf>
Package pdftex.def Info: ejercicio_2_03-eps-converted-to.pdf  used on input lin
e 183.
(pdftex.def)             Requested size: 289.07999pt x 235.30579pt.
 [6 <./ejercicio_2_01-eps-converted-to.pdf> <./ejercicio_2_02-eps-converted-to.
pdf>] [7 <./ejercicio_2_03-eps-converted-to.pdf>] (./ejercicio1.aux) ) 
Here is how much of TeX's memory you used:
 1507 strings out of 492649
 22666 string characters out of 6129622
 85137 words of memory out of 5000000
 5389 multiletter control sequences out of 15000+600000
 6843 words of font info for 25 fonts, out of 8000000 for 9000
 1141 hyphenation exceptions out of 8191
 41i,6n,25p,277b,248s stack positions out of 5000i,500n,10000p,200000b,80000s
</usr/loc
al/texlive/2018/texmf-dist/fonts/type1/public/amsfonts/cm/cmr10.pfb></usr/local
/texlive/2018/texmf-dist/fonts/type1/public/amsfonts/cm/cmr12.pfb></usr/local/t
exlive/2018/texmf-dist/fonts/type1/public/amsfonts/cm/cmr17.pfb></usr/local/tex
live/2018/texmf-dist/fonts/type1/public/amsfonts/cm/cmtt10.pfb>
Output written on ejercicio1.pdf (7 pages, 91274 bytes).
PDF statistics:
 98 PDF objects out of 1000 (max. 8388607)
 66 compressed objects within 1 object stream
 0 named destinations out of 1000 (max. 500000)
 31 words of extra memory for PDF output out of 10000 (max. 10000000)

