This is pdfTeX, Version 3.14159265-2.6-1.40.19 (TeX Live 2018) (preloaded format=pdflatex 2018.10.7)  4 JUL 2019 03:07
entering extended mode
 restricted \write18 enabled.
 %&-line parsing enabled.
**ProyectoPublish.tex
(./ProyectoPublish.tex
LaTeX2e <2018-04-01> patch level 2
Babel <3.18> and hyphenation patterns for 84 language(s) loaded.
(/usr/local/texlive/2018/texmf-dist/tex/latex/base/article.cls
Document Class: article 2014/09/29 v1.4h Standard LaTeX document class
(/usr/local/texlive/2018/texmf-dist/tex/latex/base/size10.clo
File: size10.clo 2014/09/29 v1.4h Standard LaTeX file (size option)
)
\c@part=\count80
\c@section=\count81
\c@subsection=\count82
\c@subsubsection=\count83
\c@paragraph=\count84
\c@subparagraph=\count85
\c@figure=\count86
\c@table=\count87
\abovecaptionskip=\skip41
\belowcaptionskip=\skip42
\bibindent=\dimen102
)
(/usr/local/texlive/2018/texmf-dist/tex/latex/graphics/graphicx.sty
Package: graphicx 2017/06/01 v1.1a Enhanced LaTeX Graphics (DPC,SPQR)

(/usr/local/texlive/2018/texmf-dist/tex/latex/graphics/keyval.sty
Package: keyval 2014/10/28 v1.15 key=value parser (DPC)
\KV@toks@=\toks14
)
(/usr/local/texlive/2018/texmf-dist/tex/latex/graphics/graphics.sty
Package: graphics 2017/06/25 v1.2c Standard LaTeX Graphics (DPC,SPQR)

(/usr/local/texlive/2018/texmf-dist/tex/latex/graphics/trig.sty
Package: trig 2016/01/03 v1.10 sin cos tan (DPC)
)
(/usr/local/texlive/2018/texmf-dist/tex/latex/graphics-cfg/graphics.cfg
File: graphics.cfg 2016/06/04 v1.11 sample graphics configuration
)
Package graphics Info: Driver file: pdftex.def on input line 99.

(/usr/local/texlive/2018/texmf-dist/tex/latex/graphics-def/pdftex.def
File: pdftex.def 2018/01/08 v1.0l Graphics/color driver for pdftex
))
\Gin@req@height=\dimen103
\Gin@req@width=\dimen104
)
(/usr/local/texlive/2018/texmf-dist/tex/latex/graphics/color.sty
Package: color 2016/07/10 v1.1e Standard LaTeX Color (DPC)

(/usr/local/texlive/2018/texmf-dist/tex/latex/graphics-cfg/color.cfg
File: color.cfg 2016/01/02 v1.6 sample color configuration
)
Package color Info: Driver file: pdftex.def on input line 147.
)
(./ProyectoPublish.aux)
\openout1 = `ProyectoPublish.aux'.

LaTeX Font Info:    Checking defaults for OML/cmm/m/it on input line 13.
LaTeX Font Info:    ... okay on input line 13.
LaTeX Font Info:    Checking defaults for T1/cmr/m/n on input line 13.
LaTeX Font Info:    ... okay on input line 13.
LaTeX Font Info:    Checking defaults for OT1/cmr/m/n on input line 13.
LaTeX Font Info:    ... okay on input line 13.
LaTeX Font Info:    Checking defaults for OMS/cmsy/m/n on input line 13.
LaTeX Font Info:    ... okay on input line 13.
LaTeX Font Info:    Checking defaults for OMX/cmex/m/n on input line 13.
LaTeX Font Info:    ... okay on input line 13.
LaTeX Font Info:    Checking defaults for U/cmr/m/n on input line 13.
LaTeX Font Info:    ... okay on input line 13.

(/usr/local/texlive/2018/texmf-dist/tex/context/base/mkii/supp-pdf.mkii
[Loading MPS to PDF converter (version 2006.09.02).]
\scratchcounter=\count88
\scratchdimen=\dimen105
\scratchbox=\box26
\nofMPsegments=\count89
\nofMParguments=\count90
\everyMPshowfont=\toks15
\MPscratchCnt=\count91
\MPscratchDim=\dimen106
\MPnumerator=\count92
\makeMPintoPDFobject=\count93
\everyMPtoPDFconversion=\toks16
) (/usr/local/texlive/2018/texmf-dist/tex/latex/oberdiek/epstopdf-base.sty
Package: epstopdf-base 2016/05/15 v2.6 Base part for package epstopdf

(/usr/local/texlive/2018/texmf-dist/tex/generic/oberdiek/infwarerr.sty
Package: infwarerr 2016/05/16 v1.4 Providing info/warning/error messages (HO)
)
(/usr/local/texlive/2018/texmf-dist/tex/latex/oberdiek/grfext.sty
Package: grfext 2016/05/16 v1.2 Manage graphics extensions (HO)

(/usr/local/texlive/2018/texmf-dist/tex/generic/oberdiek/kvdefinekeys.sty
Package: kvdefinekeys 2016/05/16 v1.4 Define keys (HO)

(/usr/local/texlive/2018/texmf-dist/tex/generic/oberdiek/ltxcmds.sty
Package: ltxcmds 2016/05/16 v1.23 LaTeX kernel commands for general use (HO)
)))
(/usr/local/texlive/2018/texmf-dist/tex/latex/oberdiek/kvoptions.sty
Package: kvoptions 2016/05/16 v3.12 Key value format for package options (HO)

(/usr/local/texlive/2018/texmf-dist/tex/generic/oberdiek/kvsetkeys.sty
Package: kvsetkeys 2016/05/16 v1.17 Key value parser (HO)

(/usr/local/texlive/2018/texmf-dist/tex/generic/oberdiek/etexcmds.sty
Package: etexcmds 2016/05/16 v1.6 Avoid name clashes with e-TeX commands (HO)

(/usr/local/texlive/2018/texmf-dist/tex/generic/oberdiek/ifluatex.sty
Package: ifluatex 2016/05/16 v1.4 Provides the ifluatex switch (HO)
Package ifluatex Info: LuaTeX not detected.
)
Package etexcmds Info: Could not find \expanded.
(etexcmds)             That can mean that you are not using pdfTeX 1.50 or
(etexcmds)             that some package has redefined \expanded.
(etexcmds)             In the latter case, load this package earlier.
)))
(/usr/local/texlive/2018/texmf-dist/tex/generic/oberdiek/pdftexcmds.sty
Package: pdftexcmds 2018/01/30 v0.27 Utility functions of pdfTeX for LuaTeX (HO
)

(/usr/local/texlive/2018/texmf-dist/tex/generic/oberdiek/ifpdf.sty
Package: ifpdf 2017/03/15 v3.2 Provides the ifpdf switch
)
Package pdftexcmds Info: LuaTeX not detected.
Package pdftexcmds Info: \pdf@primitive is available.
Package pdftexcmds Info: \pdf@ifprimitive is available.
Package pdftexcmds Info: \pdfdraftmode found.
)
Package epstopdf-base Info: Redefining graphics rule for `.eps' on input line 4
38.
Package grfext Info: Graphics extension search list:
(grfext)             [.pdf,.png,.jpg,.mps,.jpeg,.jbig2,.jb2,.PDF,.PNG,.JPG,.JPE
G,.JBIG2,.JB2,.eps]
(grfext)             \AppendGraphicsExtensions on input line 456.

(/usr/local/texlive/2018/texmf-dist/tex/latex/latexconfig/epstopdf-sys.cfg
File: epstopdf-sys.cfg 2010/07/13 v1.3 Configuration of (r)epstopdf for TeX Liv
e
))
LaTeX Font Info:    Try loading font information for OMS+cmr on input line 27.

(/usr/local/texlive/2018/texmf-dist/tex/latex/base/omscmr.fd
File: omscmr.fd 2014/09/29 v2.5h Standard LaTeX font definitions
)
LaTeX Font Info:    Font shape `OMS/cmr/m/n' in size <10> not available
(Font)              Font shape `OMS/cmsy/m/n' tried instead on input line 27.

Overfull \hbox (11.99689pt too wide) in paragraph at lines 74--74
[]\OT1/cmtt/m/n/10 disp('Finaliza grabacion STOP'); % Mensaje de finalizado en 
consola.[] 
 []

[1

{/usr/local/texlive/2018/texmf-var/fonts/map/pdftex/updmap/pdftex.map}]
[2] [3] [4]
Package epstopdf Info: Source file: <ProyectoPublish_01.eps>
(epstopdf)                    date: 2019-07-04 02:58:44
(epstopdf)                    size: 287600 bytes
(epstopdf)             Output file: <ProyectoPublish_01-eps-converted-to.pdf>
(epstopdf)                    date: 2019-07-04 02:59:07
(epstopdf)                    size: 63052 bytes
(epstopdf)             Command: <repstopdf --outfile=ProyectoPublish_01-eps-con
verted-to.pdf ProyectoPublish_01.eps>
(epstopdf)             \includegraphics on input line 236.
Package epstopdf Info: Output file is already uptodate.
<ProyectoPublish_01-eps-converted-to.pdf, id=21, 483.8075pt x 388.45125pt>
File: ProyectoPublish_01-eps-converted-to.pdf Graphic file (type pdf)
<use ProyectoPublish_01-eps-converted-to.pdf>
Package pdftex.def Info: ProyectoPublish_01-eps-converted-to.pdf  used on input
 line 236.
(pdftex.def)             Requested size: 289.07999pt x 232.11232pt.
Package epstopdf Info: Source file: <ProyectoPublish_02.eps>
(epstopdf)                    date: 2019-07-04 02:58:45
(epstopdf)                    size: 298236 bytes
(epstopdf)             Output file: <ProyectoPublish_02-eps-converted-to.pdf>
(epstopdf)                    date: 2019-07-04 02:59:08
(epstopdf)                    size: 62904 bytes
(epstopdf)             Command: <repstopdf --outfile=ProyectoPublish_02-eps-con
verted-to.pdf ProyectoPublish_02.eps>
(epstopdf)             \includegraphics on input line 238.
Package epstopdf Info: Output file is already uptodate.
<ProyectoPublish_02-eps-converted-to.pdf, id=22, 483.8075pt x 388.45125pt>
File: ProyectoPublish_02-eps-converted-to.pdf Graphic file (type pdf)
<use ProyectoPublish_02-eps-converted-to.pdf>
Package pdftex.def Info: ProyectoPublish_02-eps-converted-to.pdf  used on input
 line 238.
(pdftex.def)             Requested size: 289.07999pt x 232.11232pt.
 [5 <./ProyectoPublish_01-eps-converted-to.pdf>]
Package epstopdf Info: Source file: <ProyectoPublish_03.eps>
(epstopdf)                    date: 2019-07-04 02:58:46
(epstopdf)                    size: 742875 bytes
(epstopdf)             Output file: <ProyectoPublish_03-eps-converted-to.pdf>
(epstopdf)                    date: 2019-07-04 02:59:09
(epstopdf)                    size: 143066 bytes
(epstopdf)             Command: <repstopdf --outfile=ProyectoPublish_03-eps-con
verted-to.pdf ProyectoPublish_03.eps>
(epstopdf)             \includegraphics on input line 240.
Package epstopdf Info: Output file is already uptodate.
<ProyectoPublish_03-eps-converted-to.pdf, id=34, 483.8075pt x 388.45125pt>
File: ProyectoPublish_03-eps-converted-to.pdf Graphic file (type pdf)
<use ProyectoPublish_03-eps-converted-to.pdf>
Package pdftex.def Info: ProyectoPublish_03-eps-converted-to.pdf  used on input
 line 240.
(pdftex.def)             Requested size: 289.07999pt x 232.11232pt.
Package epstopdf Info: Source file: <ProyectoPublish_04.eps>
(epstopdf)                    date: 2019-07-04 02:58:46
(epstopdf)                    size: 382740 bytes
(epstopdf)             Output file: <ProyectoPublish_04-eps-converted-to.pdf>
(epstopdf)                    date: 2019-07-04 02:59:10
(epstopdf)                    size: 80353 bytes
(epstopdf)             Command: <repstopdf --outfile=ProyectoPublish_04-eps-con
verted-to.pdf ProyectoPublish_04.eps>
(epstopdf)             \includegraphics on input line 242.
Package epstopdf Info: Output file is already uptodate.
<ProyectoPublish_04-eps-converted-to.pdf, id=35, 483.8075pt x 388.45125pt>
File: ProyectoPublish_04-eps-converted-to.pdf Graphic file (type pdf)
<use ProyectoPublish_04-eps-converted-to.pdf>
Package pdftex.def Info: ProyectoPublish_04-eps-converted-to.pdf  used on input
 line 242.
(pdftex.def)             Requested size: 289.07999pt x 232.11232pt.
 [6 <./ProyectoPublish_02-eps-converted-to.pdf> <./ProyectoPublish_03-eps-conve
rted-to.pdf>]
Package epstopdf Info: Source file: <ProyectoPublish_05.eps>
(epstopdf)                    date: 2019-07-04 02:58:47
(epstopdf)                    size: 149473 bytes
(epstopdf)             Output file: <ProyectoPublish_05-eps-converted-to.pdf>
(epstopdf)                    date: 2019-07-04 02:59:11
(epstopdf)                    size: 44986 bytes
(epstopdf)             Command: <repstopdf --outfile=ProyectoPublish_05-eps-con
verted-to.pdf ProyectoPublish_05.eps>
(epstopdf)             \includegraphics on input line 244.
Package epstopdf Info: Output file is already uptodate.
<ProyectoPublish_05-eps-converted-to.pdf, id=55, 480.79625pt x 388.45125pt>
File: ProyectoPublish_05-eps-converted-to.pdf Graphic file (type pdf)
<use ProyectoPublish_05-eps-converted-to.pdf>
Package pdftex.def Info: ProyectoPublish_05-eps-converted-to.pdf  used on input
 line 244.
(pdftex.def)             Requested size: 289.07999pt x 233.55858pt.

[7 <./ProyectoPublish_04-eps-converted-to.pdf> <./ProyectoPublish_05-eps-conver
ted-to.pdf>] (./ProyectoPublish.aux) ) 
Here is how much of TeX's memory you used:
 1508 strings out of 492649
 22818 string characters out of 6129622
 85137 words of memory out of 5000000
 5393 multiletter control sequences out of 15000+600000
 5672 words of font info for 21 fonts, out of 8000000 for 9000
 1141 hyphenation exceptions out of 8191
 41i,6n,25p,301b,245s stack positions out of 5000i,500n,10000p,200000b,80000s
</usr/local/texlive/2018/texmf-dist/fonts
/type1/public/amsfonts/cm/cmbx10.pfb></usr/local/texlive/2018/texmf-dist/fonts/
type1/public/amsfonts/cm/cmbx12.pfb></usr/local/texlive/2018/texmf-dist/fonts/t
ype1/public/amsfonts/cm/cmr10.pfb></usr/local/texlive/2018/texmf-dist/fonts/typ
e1/public/amsfonts/cm/cmsy10.pfb></usr/local/texlive/2018/texmf-dist/fonts/type
1/public/amsfonts/cm/cmti10.pfb></usr/local/texlive/2018/texmf-dist/fonts/type1
/public/amsfonts/cm/cmtt10.pfb>
Output written on ProyectoPublish.pdf (7 pages, 461183 bytes).
PDF statistics:
 97 PDF objects out of 1000 (max. 8388607)
 66 compressed objects within 1 object stream
 0 named destinations out of 1000 (max. 500000)
 26 words of extra memory for PDF output out of 10000 (max. 10000000)

